0 info it worked if it ends with ok
1 verbose cli [ 'C:\\Program Files\\nodejs\\node.exe',
1 verbose cli   'C:\\Users\\Josh Burgess\\AppData\\Roaming\\npm\\node_modules\\npm\\bin\\npm-cli.js',
1 verbose cli   'publish' ]
2 info using npm@3.3.6
3 info using node@v6.5.0
4 verbose publish [ '.' ]
5 verbose stack Error: Failed to parse json
5 verbose stack Unexpected token 'p' at 70:4
5 verbose stack   "peerDependencies": {
5 verbose stack    ^
5 verbose stack     at parseError (C:\Users\Josh Burgess\AppData\Roaming\npm\node_modules\npm\node_modules\read-package-json\read-json.js:379:11)
5 verbose stack     at parseJson (C:\Users\Josh Burgess\AppData\Roaming\npm\node_modules\npm\node_modules\read-package-json\read-json.js:68:23)
5 verbose stack     at C:\Users\Josh Burgess\AppData\Roaming\npm\node_modules\npm\node_modules\read-package-json\read-json.js:48:5
5 verbose stack     at C:\Users\Josh Burgess\AppData\Roaming\npm\node_modules\npm\node_modules\graceful-fs\graceful-fs.js:76:16
5 verbose stack     at tryToString (fs.js:455:3)
5 verbose stack     at FSReqWrap.readFileAfterClose [as oncomplete] (fs.js:442:12)
6 verbose cwd C:\code\eslint-config-standard-pure-fp
7 error Windows_NT 10.0.14393
8 error argv "C:\\Program Files\\nodejs\\node.exe" "C:\\Users\\Josh Burgess\\AppData\\Roaming\\npm\\node_modules\\npm\\bin\\npm-cli.js" "publish"
9 error node v6.5.0
10 error npm  v3.3.6
11 error file C:\code\eslint-config-standard-pure-fp\package.json
12 error code EJSONPARSE
13 error Failed to parse json
13 error Unexpected token 'p' at 70:4
13 error   "peerDependencies": {
13 error    ^
14 error File: C:\code\eslint-config-standard-pure-fp\package.json
15 error Failed to parse package.json data.
15 error package.json must be actual JSON, not just JavaScript.
15 error
15 error This is not a bug in npm.
15 error Tell the package author to fix their package.json file. JSON.parse
16 verbose exit [ 1, true ]
